Сборка начата 17.09.2024 0:02:25.
Уровень детализации журнала: Normal.     1>Проект "D:\labs\3semestr\аисд\лаб.2\Project1\Project2\Project2.vcxproj" в узле 2 (целевые объекты Build).
     1>PrepareForBuild:
         Структурированный вывод включен. Форматирование диагностики компилятора будет отражать иерархию ошибок. Подробнее см. https://aka.ms/cpp/structured-output.
       InitializeBuildStatus:
         Обращение к "x64\Debug\Project2.tlog\unsuccessfulbuild".
       ClCompile:
         C:\Program Files\Microsoft Visual Studio\2022\Community\VC\Tools\MSVC\14.39.33519\bin\HostX64\x64\CL.exe /c /ZI /JMC /nologo /W3 /WX- /diagnostics:column /sdl /Od /D _DEBUG /D _CONSOLE /D _UNICODE /D UNICODE /Gm- /EHsc /RTC1 /MDd /GS /fp:precise /Zc:wchar_t /Zc:forScope /Zc:inline /permissive- /Fo"x64\Debug\\" /Fd"x64\Debug\vc143.pdb" /external:W3 /Gd /TP /FC /errorReport:prompt Source.cpp
         Source.cpp
     1>D:\labs\3semestr\аисд\лаб.2\Project1\Project2\Source.cpp(94,13): warning C4326: возвращаемый тип "main" должен быть "int", а не "void"
       Link:
         C:\Program Files\Microsoft Visual Studio\2022\Community\VC\Tools\MSVC\14.39.33519\bin\HostX64\x64\link.exe /ERRORREPORT:PROMPT /OUT:"D:\labs\3semestr\аисд\лаб.2\Project1\x64\Debug\Project2.exe" /INCREMENTAL /ILK:"x64\Debug\Project2.ilk" /NOLOGO kernel32.lib user32.lib gdi32.lib winspool.lib comdlg32.lib advapi32.lib shell32.lib ole32.lib oleaut32.lib uuid.lib odbc32.lib odbccp32.lib /MANIFEST /MANIFESTUAC:"level='asInvoker' uiAccess='false'" /manifest:embed /DEBUG /PDB:"D:\labs\3semestr\аисд\лаб.2\Project1\x64\Debug\Project2.pdb" /SUBSYSTEM:CONSOLE /TLBID:1 /DYNAMICBASE /NXCOMPAT /IMPLIB:"D:\labs\3semestr\аисд\лаб.2\Project1\x64\Debug\Project2.lib" /MACHINE:X64 x64\Debug\Source.obj
         Project2.vcxproj -> D:\labs\3semestr\аисд\лаб.2\Project1\x64\Debug\Project2.exe
       FinalizeBuildStatus:
         Файл "x64\Debug\Project2.tlog\unsuccessfulbuild" удаляется.
         Обращение к "x64\Debug\Project2.tlog\Project2.lastbuildstate".
     1>Сборка проекта "D:\labs\3semestr\аисд\лаб.2\Project1\Project2\Project2.vcxproj" завершена (целевые объекты Build).

Сборка успешно завершена.

       "D:\labs\3semestr\аисд\лаб.2\Project1\Project2\Project2.vcxproj" (целевой объект Build ) (1) ->
       (Целевой объект ClCompile) -> 
         D:\labs\3semestr\аисд\лаб.2\Project1\Project2\Source.cpp(94,13): warning C4326: возвращаемый тип "main" должен быть "int", а не "void"

    Предупреждений: 1
    Ошибок: 0

Прошло времени 00:00:01.31
