Сборка начата 12.02.2025 20:53:56.
Уровень детализации журнала: Normal.     1>Проект "D:\labs\4semestr\mathematicalProgramming\labs\lab2\Lab2\Task5\Task5.vcxproj" в узле 2 (целевые объекты Build).
     1>PrepareForBuild:
         Структурированный вывод включен. Форматирование диагностики компилятора будет отражать иерархию ошибок. Подробнее см. https://aka.ms/cpp/structured-output.
       InitializeBuildStatus:
         Создание "x64\Debug\Task5.tlog\unsuccessfulbuild", так как было задано "AlwaysCreate".
         Обращение к "x64\Debug\Task5.tlog\unsuccessfulbuild".
       ClCompile:
         C:\Program Files\Microsoft Visual Studio\2022\Community\VC\Tools\MSVC\14.39.33519\bin\HostX64\x64\CL.exe /c /ZI /JMC /nologo /W3 /WX- /diagnostics:column /sdl /Od /D _DEBUG /D _CONSOLE /D _UNICODE /D UNICODE /Gm- /EHsc /RTC1 /MDd /GS /fp:precise /Zc:wchar_t /Zc:forScope /Zc:inline /permissive- /Fo"x64\Debug\\" /Fd"x64\Debug\vc143.pdb" /external:W3 /Gd /TP /FC /errorReport:prompt Source.cpp
         Source.cpp
       Link:
         C:\Program Files\Microsoft Visual Studio\2022\Community\VC\Tools\MSVC\14.39.33519\bin\HostX64\x64\link.exe /ERRORREPORT:PROMPT /OUT:"D:\labs\4semestr\mathematicalProgramming\labs\lab2\Lab2\x64\Debug\Task5.exe" /INCREMENTAL /ILK:"x64\Debug\Task5.ilk" /NOLOGO kernel32.lib user32.lib gdi32.lib winspool.lib comdlg32.lib advapi32.lib shell32.lib ole32.lib oleaut32.lib uuid.lib odbc32.lib odbccp32.lib /MANIFEST /MANIFESTUAC:"level='asInvoker' uiAccess='false'" /manifest:embed /DEBUG /PDB:"D:\labs\4semestr\mathematicalProgramming\labs\lab2\Lab2\x64\Debug\Task5.pdb" /SUBSYSTEM:CONSOLE /TLBID:1 /DYNAMICBASE /NXCOMPAT /IMPLIB:"D:\labs\4semestr\mathematicalProgramming\labs\lab2\Lab2\x64\Debug\Task5.lib" /MACHINE:X64 x64\Debug\Combi.obj
         x64\Debug\Knapsack.obj
         x64\Debug\Source.obj
         Task5.vcxproj -> D:\labs\4semestr\mathematicalProgramming\labs\lab2\Lab2\x64\Debug\Task5.exe
       FinalizeBuildStatus:
         Файл "x64\Debug\Task5.tlog\unsuccessfulbuild" удаляется.
         Обращение к "x64\Debug\Task5.tlog\Task5.lastbuildstate".
     1>Сборка проекта "D:\labs\4semestr\mathematicalProgramming\labs\lab2\Lab2\Task5\Task5.vcxproj" завершена (целевые объекты Build).

Сборка успешно завершена.
    Предупреждений: 0
    Ошибок: 0

Прошло времени 00:00:01.16
